"QUERY PLAN"
"Gather Merge  (cost=3782190.79..3782195.93 rows=44 width=636) (actual time=21275.259..21290.194 rows=44135 loops=1)"
"  Workers Planned: 2"
"  Workers Launched: 2"
"  Buffers: shared hit=2584 read=3058319, temp read=4117 written=4126"
"  ->  Sort  (cost=3781190.77..3781190.82 rows=22 width=636) (actual time=21271.753..21275.646 rows=14712 loops=3)"
"        Sort Key: students.student_id"
"        Sort Method: external merge  Disk: 10760kB"
"        Worker 0:  Sort Method: external merge  Disk: 11216kB"
"        Worker 1:  Sort Method: external merge  Disk: 10960kB"
"        Buffers: shared hit=2584 read=3058319, temp read=4117 written=4126"
"        ->  Parallel Hash Join  (cost=293702.38..3781190.28 rows=22 width=636) (actual time=1418.615..21250.093 rows=14712 loops=3)"
"              Hash Cond: (students.major_id = majors.major_id)"
"              Buffers: shared hit=2530 read=3058319"
"              ->  Parallel Seq Scan on students  (cost=0.00..3429303.88 rows=22165251 width=38) (actual time=0.446..18619.662 rows=17665385 loops=3)"
"                    Filter: (tuition_type = 'контракт'::tuition_t)"
"                    Rows Removed by Filter: 17666954"
"                    Buffers: shared hit=1057 read=2876250"
"              ->  Parallel Hash  (cost=293702.36..293702.36 rows=1 width=606) (actual time=1412.602..1412.603 rows=274 loops=3)"
"                    Buckets: 1024  Batches: 1  Memory Usage: 648kB"
"                    Buffers: shared hit=1389 read=182069"
"                    ->  Parallel Seq Scan on majors  (cost=0.00..293702.36 rows=1 width=606) (actual time=6.323..1411.391 rows=274 loops=3)"
"                          Filter: ((subjects @> '{Менеджмент,Математика}'::text[]) AND ('''est'' & ''ad'''::tsquery @@ to_tsvector('simple'::regconfig, description)))"
"                          Rows Removed by Filter: 333060"
"                          Buffers: shared hit=1389 read=182069"
"Planning Time: 0.170 ms"
"Execution Time: 21292.867 ms"
