"QUERY PLAN"
"Gather  (cost=1000.00..4543095.42 rows=87978 width=183) (actual time=0.687..19622.163 rows=358968 loops=1)"
"  Workers Planned: 2"
"  Workers Launched: 2"
"  Buffers: shared hit=1665 read=2875642"
"  ->  Parallel Seq Scan on students  (cost=0.00..4533297.62 rows=36658 width=183) (actual time=0.568..19588.365 rows=119656 loops=3)"
"        Filter: ((tuition_type = 'бюджет'::tuition_t) AND ((((personal_info -> 'birthday'::text) -> 'month'::text))::integer = 12) AND ((enrollment_year)::double precision >= (date_part('year'::text, (CURRENT_DATE)::timestamp without time zone) - '1'::double precision)))"
"        Rows Removed by Filter: 35212683"
"        Buffers: shared hit=1665 read=2875642"
"Planning Time: 0.214 ms"
"Execution Time: 19640.216 ms"
