"QUERY PLAN"
"Index Scan using students_birthday_month_index on students  (cost=0.57..1965298.04 rows=87989 width=183) (actual time=0.687..20289.675 rows=358968 loops=1)"
"  Index Cond: ((((personal_info -> 'birthday'::text) -> 'month'::text))::integer = 12)"
"  Filter: ((tuition_type = 'бюджет'::tuition_t) AND ((enrollment_year)::double precision >= (date_part('year'::text, (CURRENT_DATE)::timestamp without time zone) - '1'::double precision)))"
"  Rows Removed by Filter: 8476757"
"  Buffers: shared read=2784819"
"Planning Time: 0.092 ms"
"Execution Time: 20310.124 ms"
